mode: atomic
github.com/truvami/decoder/pkg/decoder/helpers/helpers.go:11.57,13.16 2 3
github.com/truvami/decoder/pkg/decoder/helpers/helpers.go:13.16,15.3 1 1
github.com/truvami/decoder/pkg/decoder/helpers/helpers.go:17.2,17.19 1 2
github.com/truvami/decoder/pkg/decoder/helpers/helpers.go:20.80,21.19 1 23
github.com/truvami/decoder/pkg/decoder/helpers/helpers.go:22.19,23.26 1 7
github.com/truvami/decoder/pkg/decoder/helpers/helpers.go:24.20,25.27 1 1
github.com/truvami/decoder/pkg/decoder/helpers/helpers.go:26.21,27.28 1 1
github.com/truvami/decoder/pkg/decoder/helpers/helpers.go:28.21,29.28 1 1
github.com/truvami/decoder/pkg/decoder/helpers/helpers.go:30.21,31.28 1 1
github.com/truvami/decoder/pkg/decoder/helpers/helpers.go:32.20,33.27 1 1
github.com/truvami/decoder/pkg/decoder/helpers/helpers.go:34.21,35.28 1 1
github.com/truvami/decoder/pkg/decoder/helpers/helpers.go:36.22,37.29 1 1
github.com/truvami/decoder/pkg/decoder/helpers/helpers.go:38.22,39.29 1 1
github.com/truvami/decoder/pkg/decoder/helpers/helpers.go:40.22,41.29 1 1
github.com/truvami/decoder/pkg/decoder/helpers/helpers.go:42.23,43.30 1 4
github.com/truvami/decoder/pkg/decoder/helpers/helpers.go:44.22,45.24 1 1
github.com/truvami/decoder/pkg/decoder/helpers/helpers.go:46.20,47.31 1 2
github.com/truvami/decoder/pkg/decoder/helpers/helpers.go:48.10,49.62 1 0
github.com/truvami/decoder/pkg/decoder/helpers/helpers.go:53.104,54.18 1 10
github.com/truvami/decoder/pkg/decoder/helpers/helpers.go:54.18,55.33 1 0
github.com/truvami/decoder/pkg/decoder/helpers/helpers.go:55.33,57.4 1 0
github.com/truvami/decoder/pkg/decoder/helpers/helpers.go:59.3,59.37 1 0
github.com/truvami/decoder/pkg/decoder/helpers/helpers.go:60.8,60.45 1 10
github.com/truvami/decoder/pkg/decoder/helpers/helpers.go:60.45,61.15 1 0
github.com/truvami/decoder/pkg/decoder/helpers/helpers.go:61.15,63.4 1 0
github.com/truvami/decoder/pkg/decoder/helpers/helpers.go:64.3,64.48 1 0
github.com/truvami/decoder/pkg/decoder/helpers/helpers.go:68.2,69.17 2 10
github.com/truvami/decoder/pkg/decoder/helpers/helpers.go:69.17,71.3 1 7
github.com/truvami/decoder/pkg/decoder/helpers/helpers.go:71.8,71.24 1 3
github.com/truvami/decoder/pkg/decoder/helpers/helpers.go:71.24,73.3 1 1
github.com/truvami/decoder/pkg/decoder/helpers/helpers.go:73.8,73.24 1 2
github.com/truvami/decoder/pkg/decoder/helpers/helpers.go:73.24,75.3 1 2
github.com/truvami/decoder/pkg/decoder/helpers/helpers.go:75.8,78.3 1 0
github.com/truvami/decoder/pkg/decoder/helpers/helpers.go:80.2,80.19 1 10
github.com/truvami/decoder/pkg/decoder/helpers/helpers.go:84.82,87.16 2 1
github.com/truvami/decoder/pkg/decoder/helpers/helpers.go:87.16,89.3 1 0
github.com/truvami/decoder/pkg/decoder/helpers/helpers.go:92.2,95.38 2 1
github.com/truvami/decoder/pkg/decoder/helpers/helpers.go:95.38,102.17 5 10
github.com/truvami/decoder/pkg/decoder/helpers/helpers.go:102.17,104.4 1 0
github.com/truvami/decoder/pkg/decoder/helpers/helpers.go:107.3,108.50 2 10
github.com/truvami/decoder/pkg/decoder/helpers/helpers.go:108.50,109.32 1 10
github.com/truvami/decoder/pkg/decoder/helpers/helpers.go:109.32,110.13 1 0
github.com/truvami/decoder/pkg/decoder/helpers/helpers.go:112.4,113.46 2 10
github.com/truvami/decoder/pkg/decoder/helpers/helpers.go:117.3,117.29 1 10
github.com/truvami/decoder/pkg/decoder/helpers/helpers.go:117.29,120.4 2 2
github.com/truvami/decoder/pkg/decoder/helpers/helpers.go:123.2,123.37 1 1
github.com/truvami/decoder/pkg/decoder/tagsl/v1/payload.go:13.42,15.2 1 0
github.com/truvami/decoder/pkg/decoder/tagsl/v1/payload.go:17.78,18.14 1 0
github.com/truvami/decoder/pkg/decoder/tagsl/v1/payload.go:19.9,23.83 1 0
github.com/truvami/decoder/pkg/decoder/tagsl/v1/payload.go:23.83,25.6 1 0
github.com/truvami/decoder/pkg/decoder/tagsl/v1/payload.go:26.83,28.6 1 0
github.com/truvami/decoder/pkg/decoder/tagsl/v1/payload.go:39.9,59.9 1 0
github.com/truvami/decoder/pkg/decoder/tagsl/v1/payload.go:60.9,80.9 1 0
github.com/truvami/decoder/pkg/decoder/tagsl/v1/payload.go:83.2,83.75 1 0
github.com/truvami/decoder/pkg/decoder/tagsl/v1/payload.go:86.93,88.16 2 0
github.com/truvami/decoder/pkg/decoder/tagsl/v1/payload.go:88.16,90.3 1 0
github.com/truvami/decoder/pkg/decoder/tagsl/v1/payload.go:92.2,93.16 2 0
github.com/truvami/decoder/pkg/decoder/tagsl/v1/payload.go:93.16,95.3 1 0
github.com/truvami/decoder/pkg/decoder/tagsl/v1/payload.go:97.2,97.25 1 0
github.com/truvami/decoder/pkg/decoder/tagxl/v1/payload.go:15.72,17.2 1 0
github.com/truvami/decoder/pkg/decoder/tagxl/v1/payload.go:19.71,20.14 1 0
github.com/truvami/decoder/pkg/decoder/tagxl/v1/payload.go:21.11,33.9 1 0
github.com/truvami/decoder/pkg/decoder/tagxl/v1/payload.go:34.11,35.38 1 0
github.com/truvami/decoder/pkg/decoder/tagxl/v1/payload.go:38.2,38.37 1 0
github.com/truvami/decoder/pkg/decoder/tagxl/v1/payload.go:41.86,43.16 2 0
github.com/truvami/decoder/pkg/decoder/tagxl/v1/payload.go:43.16,45.3 1 0
github.com/truvami/decoder/pkg/decoder/tagxl/v1/payload.go:47.2,48.16 2 0
github.com/truvami/decoder/pkg/decoder/tagxl/v1/payload.go:48.16,50.3 1 0
github.com/truvami/decoder/pkg/decoder/tagxl/v1/payload.go:52.2,52.25 1 0
github.com/truvami/decoder/pkg/middleware/loracloud.go:19.55,21.2 1 0
github.com/truvami/decoder/pkg/middleware/loracloud.go:35.73,37.16 2 0
github.com/truvami/decoder/pkg/middleware/loracloud.go:37.16,39.3 1 0
github.com/truvami/decoder/pkg/middleware/loracloud.go:41.2,42.16 2 0
github.com/truvami/decoder/pkg/middleware/loracloud.go:42.16,44.3 1 0
github.com/truvami/decoder/pkg/middleware/loracloud.go:46.2,51.16 5 0
github.com/truvami/decoder/pkg/middleware/loracloud.go:51.16,53.3 1 0
github.com/truvami/decoder/pkg/middleware/loracloud.go:55.2,57.26 3 0
github.com/truvami/decoder/pkg/middleware/loracloud.go:57.26,59.3 1 0
github.com/truvami/decoder/pkg/middleware/loracloud.go:60.2,60.16 1 0
github.com/truvami/decoder/pkg/middleware/loracloud.go:60.16,62.3 1 0
github.com/truvami/decoder/pkg/middleware/loracloud.go:64.2,64.12 1 0
github.com/truvami/decoder/pkg/decoder/helpers/helpers.go:11.57,13.16 2 6
github.com/truvami/decoder/pkg/decoder/helpers/helpers.go:13.16,15.3 1 0
github.com/truvami/decoder/pkg/decoder/helpers/helpers.go:17.2,17.19 1 6
github.com/truvami/decoder/pkg/decoder/helpers/helpers.go:20.80,21.19 1 40
github.com/truvami/decoder/pkg/decoder/helpers/helpers.go:22.19,23.26 1 6
github.com/truvami/decoder/pkg/decoder/helpers/helpers.go:24.20,25.27 1 10
github.com/truvami/decoder/pkg/decoder/helpers/helpers.go:26.21,27.28 1 0
github.com/truvami/decoder/pkg/decoder/helpers/helpers.go:28.21,29.28 1 0
github.com/truvami/decoder/pkg/decoder/helpers/helpers.go:30.21,31.28 1 0
github.com/truvami/decoder/pkg/decoder/helpers/helpers.go:32.20,33.27 1 0
github.com/truvami/decoder/pkg/decoder/helpers/helpers.go:34.21,35.28 1 4
github.com/truvami/decoder/pkg/decoder/helpers/helpers.go:36.22,37.29 1 2
github.com/truvami/decoder/pkg/decoder/helpers/helpers.go:38.22,39.29 1 0
github.com/truvami/decoder/pkg/decoder/helpers/helpers.go:40.22,41.29 1 0
github.com/truvami/decoder/pkg/decoder/helpers/helpers.go:42.23,43.30 1 3
github.com/truvami/decoder/pkg/decoder/helpers/helpers.go:44.22,45.24 1 11
github.com/truvami/decoder/pkg/decoder/helpers/helpers.go:46.20,47.31 1 4
github.com/truvami/decoder/pkg/decoder/helpers/helpers.go:48.10,49.62 1 0
github.com/truvami/decoder/pkg/decoder/helpers/helpers.go:53.104,54.18 1 85
github.com/truvami/decoder/pkg/decoder/helpers/helpers.go:54.18,55.33 1 0
github.com/truvami/decoder/pkg/decoder/helpers/helpers.go:55.33,57.4 1 0
github.com/truvami/decoder/pkg/decoder/helpers/helpers.go:59.3,59.37 1 0
github.com/truvami/decoder/pkg/decoder/helpers/helpers.go:60.8,60.45 1 85
github.com/truvami/decoder/pkg/decoder/helpers/helpers.go:60.45,61.15 1 45
github.com/truvami/decoder/pkg/decoder/helpers/helpers.go:61.15,63.4 1 45
github.com/truvami/decoder/pkg/decoder/helpers/helpers.go:64.3,64.48 1 0
github.com/truvami/decoder/pkg/decoder/helpers/helpers.go:68.2,69.17 2 40
github.com/truvami/decoder/pkg/decoder/helpers/helpers.go:69.17,71.3 1 24
github.com/truvami/decoder/pkg/decoder/helpers/helpers.go:71.8,71.24 1 16
github.com/truvami/decoder/pkg/decoder/helpers/helpers.go:71.24,73.3 1 3
github.com/truvami/decoder/pkg/decoder/helpers/helpers.go:73.8,73.24 1 13
github.com/truvami/decoder/pkg/decoder/helpers/helpers.go:73.24,75.3 1 2
github.com/truvami/decoder/pkg/decoder/helpers/helpers.go:75.8,78.3 1 11
github.com/truvami/decoder/pkg/decoder/helpers/helpers.go:80.2,80.19 1 40
github.com/truvami/decoder/pkg/decoder/helpers/helpers.go:84.82,87.16 2 6
github.com/truvami/decoder/pkg/decoder/helpers/helpers.go:87.16,89.3 1 0
github.com/truvami/decoder/pkg/decoder/helpers/helpers.go:92.2,95.38 2 6
github.com/truvami/decoder/pkg/decoder/helpers/helpers.go:95.38,102.17 5 85
github.com/truvami/decoder/pkg/decoder/helpers/helpers.go:102.17,104.4 1 0
github.com/truvami/decoder/pkg/decoder/helpers/helpers.go:107.3,108.50 2 85
github.com/truvami/decoder/pkg/decoder/helpers/helpers.go:108.50,109.32 1 85
github.com/truvami/decoder/pkg/decoder/helpers/helpers.go:109.32,110.13 1 45
github.com/truvami/decoder/pkg/decoder/helpers/helpers.go:112.4,113.46 2 40
github.com/truvami/decoder/pkg/decoder/helpers/helpers.go:117.3,117.29 1 40
github.com/truvami/decoder/pkg/decoder/helpers/helpers.go:117.29,120.4 2 2
github.com/truvami/decoder/pkg/decoder/helpers/helpers.go:123.2,123.37 1 6
github.com/truvami/decoder/pkg/decoder/tagsl/v1/payload.go:13.42,15.2 1 6
github.com/truvami/decoder/pkg/decoder/tagsl/v1/payload.go:17.78,18.14 1 6
github.com/truvami/decoder/pkg/decoder/tagsl/v1/payload.go:19.9,23.83 1 1
github.com/truvami/decoder/pkg/decoder/tagsl/v1/payload.go:23.83,25.6 1 1
github.com/truvami/decoder/pkg/decoder/tagsl/v1/payload.go:26.83,28.6 1 1
github.com/truvami/decoder/pkg/decoder/tagsl/v1/payload.go:39.9,59.9 1 2
github.com/truvami/decoder/pkg/decoder/tagsl/v1/payload.go:60.9,80.9 1 3
github.com/truvami/decoder/pkg/decoder/tagsl/v1/payload.go:83.2,83.75 1 0
github.com/truvami/decoder/pkg/decoder/tagsl/v1/payload.go:86.93,88.16 2 6
github.com/truvami/decoder/pkg/decoder/tagsl/v1/payload.go:88.16,90.3 1 0
github.com/truvami/decoder/pkg/decoder/tagsl/v1/payload.go:92.2,93.16 2 6
github.com/truvami/decoder/pkg/decoder/tagsl/v1/payload.go:93.16,95.3 1 0
github.com/truvami/decoder/pkg/decoder/tagsl/v1/payload.go:97.2,97.25 1 6
github.com/truvami/decoder/pkg/decoder/tagxl/v1/payload.go:15.72,17.2 1 0
github.com/truvami/decoder/pkg/decoder/tagxl/v1/payload.go:19.71,20.14 1 0
github.com/truvami/decoder/pkg/decoder/tagxl/v1/payload.go:21.11,33.9 1 0
github.com/truvami/decoder/pkg/decoder/tagxl/v1/payload.go:34.11,35.38 1 0
github.com/truvami/decoder/pkg/decoder/tagxl/v1/payload.go:38.2,38.37 1 0
github.com/truvami/decoder/pkg/decoder/tagxl/v1/payload.go:41.86,43.16 2 0
github.com/truvami/decoder/pkg/decoder/tagxl/v1/payload.go:43.16,45.3 1 0
github.com/truvami/decoder/pkg/decoder/tagxl/v1/payload.go:47.2,48.16 2 0
github.com/truvami/decoder/pkg/decoder/tagxl/v1/payload.go:48.16,50.3 1 0
github.com/truvami/decoder/pkg/decoder/tagxl/v1/payload.go:52.2,52.25 1 0
github.com/truvami/decoder/pkg/middleware/loracloud.go:19.55,21.2 1 0
github.com/truvami/decoder/pkg/middleware/loracloud.go:35.73,37.16 2 0
github.com/truvami/decoder/pkg/middleware/loracloud.go:37.16,39.3 1 0
github.com/truvami/decoder/pkg/middleware/loracloud.go:41.2,42.16 2 0
github.com/truvami/decoder/pkg/middleware/loracloud.go:42.16,44.3 1 0
github.com/truvami/decoder/pkg/middleware/loracloud.go:46.2,51.16 5 0
github.com/truvami/decoder/pkg/middleware/loracloud.go:51.16,53.3 1 0
github.com/truvami/decoder/pkg/middleware/loracloud.go:55.2,57.26 3 0
github.com/truvami/decoder/pkg/middleware/loracloud.go:57.26,59.3 1 0
github.com/truvami/decoder/pkg/middleware/loracloud.go:60.2,60.16 1 0
github.com/truvami/decoder/pkg/middleware/loracloud.go:60.16,62.3 1 0
github.com/truvami/decoder/pkg/middleware/loracloud.go:64.2,64.12 1 0
github.com/truvami/decoder/pkg/decoder/helpers/helpers.go:11.57,13.16 2 0
github.com/truvami/decoder/pkg/decoder/helpers/helpers.go:13.16,15.3 1 0
github.com/truvami/decoder/pkg/decoder/helpers/helpers.go:17.2,17.19 1 0
github.com/truvami/decoder/pkg/decoder/helpers/helpers.go:20.80,21.19 1 0
github.com/truvami/decoder/pkg/decoder/helpers/helpers.go:22.19,23.26 1 0
github.com/truvami/decoder/pkg/decoder/helpers/helpers.go:24.20,25.27 1 0
github.com/truvami/decoder/pkg/decoder/helpers/helpers.go:26.21,27.28 1 0
github.com/truvami/decoder/pkg/decoder/helpers/helpers.go:28.21,29.28 1 0
github.com/truvami/decoder/pkg/decoder/helpers/helpers.go:30.21,31.28 1 0
github.com/truvami/decoder/pkg/decoder/helpers/helpers.go:32.20,33.27 1 0
github.com/truvami/decoder/pkg/decoder/helpers/helpers.go:34.21,35.28 1 0
github.com/truvami/decoder/pkg/decoder/helpers/helpers.go:36.22,37.29 1 0
github.com/truvami/decoder/pkg/decoder/helpers/helpers.go:38.22,39.29 1 0
github.com/truvami/decoder/pkg/decoder/helpers/helpers.go:40.22,41.29 1 0
github.com/truvami/decoder/pkg/decoder/helpers/helpers.go:42.23,43.30 1 0
github.com/truvami/decoder/pkg/decoder/helpers/helpers.go:44.22,45.24 1 0
github.com/truvami/decoder/pkg/decoder/helpers/helpers.go:46.20,47.31 1 0
github.com/truvami/decoder/pkg/decoder/helpers/helpers.go:48.10,49.62 1 0
github.com/truvami/decoder/pkg/decoder/helpers/helpers.go:53.104,54.18 1 0
github.com/truvami/decoder/pkg/decoder/helpers/helpers.go:54.18,55.33 1 0
github.com/truvami/decoder/pkg/decoder/helpers/helpers.go:55.33,57.4 1 0
github.com/truvami/decoder/pkg/decoder/helpers/helpers.go:59.3,59.37 1 0
github.com/truvami/decoder/pkg/decoder/helpers/helpers.go:60.8,60.45 1 0
github.com/truvami/decoder/pkg/decoder/helpers/helpers.go:60.45,61.15 1 0
github.com/truvami/decoder/pkg/decoder/helpers/helpers.go:61.15,63.4 1 0
github.com/truvami/decoder/pkg/decoder/helpers/helpers.go:64.3,64.48 1 0
github.com/truvami/decoder/pkg/decoder/helpers/helpers.go:68.2,69.17 2 0
github.com/truvami/decoder/pkg/decoder/helpers/helpers.go:69.17,71.3 1 0
github.com/truvami/decoder/pkg/decoder/helpers/helpers.go:71.8,71.24 1 0
github.com/truvami/decoder/pkg/decoder/helpers/helpers.go:71.24,73.3 1 0
github.com/truvami/decoder/pkg/decoder/helpers/helpers.go:73.8,73.24 1 0
github.com/truvami/decoder/pkg/decoder/helpers/helpers.go:73.24,75.3 1 0
github.com/truvami/decoder/pkg/decoder/helpers/helpers.go:75.8,78.3 1 0
github.com/truvami/decoder/pkg/decoder/helpers/helpers.go:80.2,80.19 1 0
github.com/truvami/decoder/pkg/decoder/helpers/helpers.go:84.82,87.16 2 0
github.com/truvami/decoder/pkg/decoder/helpers/helpers.go:87.16,89.3 1 0
github.com/truvami/decoder/pkg/decoder/helpers/helpers.go:92.2,95.38 2 0
github.com/truvami/decoder/pkg/decoder/helpers/helpers.go:95.38,102.17 5 0
github.com/truvami/decoder/pkg/decoder/helpers/helpers.go:102.17,104.4 1 0
github.com/truvami/decoder/pkg/decoder/helpers/helpers.go:107.3,108.50 2 0
github.com/truvami/decoder/pkg/decoder/helpers/helpers.go:108.50,109.32 1 0
github.com/truvami/decoder/pkg/decoder/helpers/helpers.go:109.32,110.13 1 0
github.com/truvami/decoder/pkg/decoder/helpers/helpers.go:112.4,113.46 2 0
github.com/truvami/decoder/pkg/decoder/helpers/helpers.go:117.3,117.29 1 0
github.com/truvami/decoder/pkg/decoder/helpers/helpers.go:117.29,120.4 2 0
github.com/truvami/decoder/pkg/decoder/helpers/helpers.go:123.2,123.37 1 0
github.com/truvami/decoder/pkg/decoder/tagsl/v1/payload.go:13.42,15.2 1 0
github.com/truvami/decoder/pkg/decoder/tagsl/v1/payload.go:17.78,18.14 1 0
github.com/truvami/decoder/pkg/decoder/tagsl/v1/payload.go:19.9,23.83 1 0
github.com/truvami/decoder/pkg/decoder/tagsl/v1/payload.go:23.83,25.6 1 0
github.com/truvami/decoder/pkg/decoder/tagsl/v1/payload.go:26.83,28.6 1 0
github.com/truvami/decoder/pkg/decoder/tagsl/v1/payload.go:39.9,59.9 1 0
github.com/truvami/decoder/pkg/decoder/tagsl/v1/payload.go:60.9,80.9 1 0
github.com/truvami/decoder/pkg/decoder/tagsl/v1/payload.go:83.2,83.75 1 0
github.com/truvami/decoder/pkg/decoder/tagsl/v1/payload.go:86.93,88.16 2 0
github.com/truvami/decoder/pkg/decoder/tagsl/v1/payload.go:88.16,90.3 1 0
github.com/truvami/decoder/pkg/decoder/tagsl/v1/payload.go:92.2,93.16 2 0
github.com/truvami/decoder/pkg/decoder/tagsl/v1/payload.go:93.16,95.3 1 0
github.com/truvami/decoder/pkg/decoder/tagsl/v1/payload.go:97.2,97.25 1 0
github.com/truvami/decoder/pkg/decoder/tagxl/v1/payload.go:15.72,17.2 1 0
github.com/truvami/decoder/pkg/decoder/tagxl/v1/payload.go:19.71,20.14 1 0
github.com/truvami/decoder/pkg/decoder/tagxl/v1/payload.go:21.11,33.9 1 0
github.com/truvami/decoder/pkg/decoder/tagxl/v1/payload.go:34.11,35.38 1 0
github.com/truvami/decoder/pkg/decoder/tagxl/v1/payload.go:38.2,38.37 1 0
github.com/truvami/decoder/pkg/decoder/tagxl/v1/payload.go:41.86,43.16 2 0
github.com/truvami/decoder/pkg/decoder/tagxl/v1/payload.go:43.16,45.3 1 0
github.com/truvami/decoder/pkg/decoder/tagxl/v1/payload.go:47.2,48.16 2 0
github.com/truvami/decoder/pkg/decoder/tagxl/v1/payload.go:48.16,50.3 1 0
github.com/truvami/decoder/pkg/decoder/tagxl/v1/payload.go:52.2,52.25 1 0
github.com/truvami/decoder/pkg/middleware/loracloud.go:19.55,21.2 1 0
github.com/truvami/decoder/pkg/middleware/loracloud.go:35.73,37.16 2 0
github.com/truvami/decoder/pkg/middleware/loracloud.go:37.16,39.3 1 0
github.com/truvami/decoder/pkg/middleware/loracloud.go:41.2,42.16 2 0
github.com/truvami/decoder/pkg/middleware/loracloud.go:42.16,44.3 1 0
github.com/truvami/decoder/pkg/middleware/loracloud.go:46.2,51.16 5 0
github.com/truvami/decoder/pkg/middleware/loracloud.go:51.16,53.3 1 0
github.com/truvami/decoder/pkg/middleware/loracloud.go:55.2,57.26 3 0
github.com/truvami/decoder/pkg/middleware/loracloud.go:57.26,59.3 1 0
github.com/truvami/decoder/pkg/middleware/loracloud.go:60.2,60.16 1 0
github.com/truvami/decoder/pkg/middleware/loracloud.go:60.16,62.3 1 0
github.com/truvami/decoder/pkg/middleware/loracloud.go:64.2,64.12 1 0
github.com/truvami/decoder/pkg/decoder/helpers/helpers.go:11.57,13.16 2 0
github.com/truvami/decoder/pkg/decoder/helpers/helpers.go:13.16,15.3 1 0
github.com/truvami/decoder/pkg/decoder/helpers/helpers.go:17.2,17.19 1 0
github.com/truvami/decoder/pkg/decoder/helpers/helpers.go:20.80,21.19 1 0
github.com/truvami/decoder/pkg/decoder/helpers/helpers.go:22.19,23.26 1 0
github.com/truvami/decoder/pkg/decoder/helpers/helpers.go:24.20,25.27 1 0
github.com/truvami/decoder/pkg/decoder/helpers/helpers.go:26.21,27.28 1 0
github.com/truvami/decoder/pkg/decoder/helpers/helpers.go:28.21,29.28 1 0
github.com/truvami/decoder/pkg/decoder/helpers/helpers.go:30.21,31.28 1 0
github.com/truvami/decoder/pkg/decoder/helpers/helpers.go:32.20,33.27 1 0
github.com/truvami/decoder/pkg/decoder/helpers/helpers.go:34.21,35.28 1 0
github.com/truvami/decoder/pkg/decoder/helpers/helpers.go:36.22,37.29 1 0
github.com/truvami/decoder/pkg/decoder/helpers/helpers.go:38.22,39.29 1 0
github.com/truvami/decoder/pkg/decoder/helpers/helpers.go:40.22,41.29 1 0
github.com/truvami/decoder/pkg/decoder/helpers/helpers.go:42.23,43.30 1 0
github.com/truvami/decoder/pkg/decoder/helpers/helpers.go:44.22,45.24 1 0
github.com/truvami/decoder/pkg/decoder/helpers/helpers.go:46.20,47.31 1 0
github.com/truvami/decoder/pkg/decoder/helpers/helpers.go:48.10,49.62 1 0
github.com/truvami/decoder/pkg/decoder/helpers/helpers.go:53.104,54.18 1 0
github.com/truvami/decoder/pkg/decoder/helpers/helpers.go:54.18,55.33 1 0
github.com/truvami/decoder/pkg/decoder/helpers/helpers.go:55.33,57.4 1 0
github.com/truvami/decoder/pkg/decoder/helpers/helpers.go:59.3,59.37 1 0
github.com/truvami/decoder/pkg/decoder/helpers/helpers.go:60.8,60.45 1 0
github.com/truvami/decoder/pkg/decoder/helpers/helpers.go:60.45,61.15 1 0
github.com/truvami/decoder/pkg/decoder/helpers/helpers.go:61.15,63.4 1 0
github.com/truvami/decoder/pkg/decoder/helpers/helpers.go:64.3,64.48 1 0
github.com/truvami/decoder/pkg/decoder/helpers/helpers.go:68.2,69.17 2 0
github.com/truvami/decoder/pkg/decoder/helpers/helpers.go:69.17,71.3 1 0
github.com/truvami/decoder/pkg/decoder/helpers/helpers.go:71.8,71.24 1 0
github.com/truvami/decoder/pkg/decoder/helpers/helpers.go:71.24,73.3 1 0
github.com/truvami/decoder/pkg/decoder/helpers/helpers.go:73.8,73.24 1 0
github.com/truvami/decoder/pkg/decoder/helpers/helpers.go:73.24,75.3 1 0
github.com/truvami/decoder/pkg/decoder/helpers/helpers.go:75.8,78.3 1 0
github.com/truvami/decoder/pkg/decoder/helpers/helpers.go:80.2,80.19 1 0
github.com/truvami/decoder/pkg/decoder/helpers/helpers.go:84.82,87.16 2 0
github.com/truvami/decoder/pkg/decoder/helpers/helpers.go:87.16,89.3 1 0
github.com/truvami/decoder/pkg/decoder/helpers/helpers.go:92.2,95.38 2 0
github.com/truvami/decoder/pkg/decoder/helpers/helpers.go:95.38,102.17 5 0
github.com/truvami/decoder/pkg/decoder/helpers/helpers.go:102.17,104.4 1 0
github.com/truvami/decoder/pkg/decoder/helpers/helpers.go:107.3,108.50 2 0
github.com/truvami/decoder/pkg/decoder/helpers/helpers.go:108.50,109.32 1 0
github.com/truvami/decoder/pkg/decoder/helpers/helpers.go:109.32,110.13 1 0
github.com/truvami/decoder/pkg/decoder/helpers/helpers.go:112.4,113.46 2 0
github.com/truvami/decoder/pkg/decoder/helpers/helpers.go:117.3,117.29 1 0
github.com/truvami/decoder/pkg/decoder/helpers/helpers.go:117.29,120.4 2 0
github.com/truvami/decoder/pkg/decoder/helpers/helpers.go:123.2,123.37 1 0
github.com/truvami/decoder/pkg/decoder/tagsl/v1/payload.go:13.42,15.2 1 0
github.com/truvami/decoder/pkg/decoder/tagsl/v1/payload.go:17.78,18.14 1 0
github.com/truvami/decoder/pkg/decoder/tagsl/v1/payload.go:19.9,23.83 1 0
github.com/truvami/decoder/pkg/decoder/tagsl/v1/payload.go:23.83,25.6 1 0
github.com/truvami/decoder/pkg/decoder/tagsl/v1/payload.go:26.83,28.6 1 0
github.com/truvami/decoder/pkg/decoder/tagsl/v1/payload.go:39.9,59.9 1 0
github.com/truvami/decoder/pkg/decoder/tagsl/v1/payload.go:60.9,80.9 1 0
github.com/truvami/decoder/pkg/decoder/tagsl/v1/payload.go:83.2,83.75 1 0
github.com/truvami/decoder/pkg/decoder/tagsl/v1/payload.go:86.93,88.16 2 0
github.com/truvami/decoder/pkg/decoder/tagsl/v1/payload.go:88.16,90.3 1 0
github.com/truvami/decoder/pkg/decoder/tagsl/v1/payload.go:92.2,93.16 2 0
github.com/truvami/decoder/pkg/decoder/tagsl/v1/payload.go:93.16,95.3 1 0
github.com/truvami/decoder/pkg/decoder/tagsl/v1/payload.go:97.2,97.25 1 0
github.com/truvami/decoder/pkg/decoder/tagxl/v1/payload.go:15.72,17.2 1 0
github.com/truvami/decoder/pkg/decoder/tagxl/v1/payload.go:19.71,20.14 1 0
github.com/truvami/decoder/pkg/decoder/tagxl/v1/payload.go:21.11,33.9 1 0
github.com/truvami/decoder/pkg/decoder/tagxl/v1/payload.go:34.11,35.38 1 0
github.com/truvami/decoder/pkg/decoder/tagxl/v1/payload.go:38.2,38.37 1 0
github.com/truvami/decoder/pkg/decoder/tagxl/v1/payload.go:41.86,43.16 2 0
github.com/truvami/decoder/pkg/decoder/tagxl/v1/payload.go:43.16,45.3 1 0
github.com/truvami/decoder/pkg/decoder/tagxl/v1/payload.go:47.2,48.16 2 0
github.com/truvami/decoder/pkg/decoder/tagxl/v1/payload.go:48.16,50.3 1 0
github.com/truvami/decoder/pkg/decoder/tagxl/v1/payload.go:52.2,52.25 1 0
github.com/truvami/decoder/pkg/middleware/loracloud.go:19.55,21.2 1 0
github.com/truvami/decoder/pkg/middleware/loracloud.go:35.73,37.16 2 0
github.com/truvami/decoder/pkg/middleware/loracloud.go:37.16,39.3 1 0
github.com/truvami/decoder/pkg/middleware/loracloud.go:41.2,42.16 2 0
github.com/truvami/decoder/pkg/middleware/loracloud.go:42.16,44.3 1 0
github.com/truvami/decoder/pkg/middleware/loracloud.go:46.2,51.16 5 0
github.com/truvami/decoder/pkg/middleware/loracloud.go:51.16,53.3 1 0
github.com/truvami/decoder/pkg/middleware/loracloud.go:55.2,57.26 3 0
github.com/truvami/decoder/pkg/middleware/loracloud.go:57.26,59.3 1 0
github.com/truvami/decoder/pkg/middleware/loracloud.go:60.2,60.16 1 0
github.com/truvami/decoder/pkg/middleware/loracloud.go:60.16,62.3 1 0
github.com/truvami/decoder/pkg/middleware/loracloud.go:64.2,64.12 1 0
