mode: set
github.com/truvami/decoder/pkg/decoder/helpers/helpers.go:11.57,13.16 2 1
github.com/truvami/decoder/pkg/decoder/helpers/helpers.go:13.16,15.3 1 1
github.com/truvami/decoder/pkg/decoder/helpers/helpers.go:17.2,17.19 1 1
github.com/truvami/decoder/pkg/decoder/helpers/helpers.go:20.80,21.19 1 1
github.com/truvami/decoder/pkg/decoder/helpers/helpers.go:22.19,23.26 1 1
github.com/truvami/decoder/pkg/decoder/helpers/helpers.go:24.20,25.27 1 0
github.com/truvami/decoder/pkg/decoder/helpers/helpers.go:26.21,27.28 1 0
github.com/truvami/decoder/pkg/decoder/helpers/helpers.go:28.21,29.28 1 0
github.com/truvami/decoder/pkg/decoder/helpers/helpers.go:30.21,31.28 1 0
github.com/truvami/decoder/pkg/decoder/helpers/helpers.go:32.20,33.27 1 0
github.com/truvami/decoder/pkg/decoder/helpers/helpers.go:34.21,35.28 1 0
github.com/truvami/decoder/pkg/decoder/helpers/helpers.go:36.22,37.29 1 0
github.com/truvami/decoder/pkg/decoder/helpers/helpers.go:38.22,39.29 1 0
github.com/truvami/decoder/pkg/decoder/helpers/helpers.go:40.22,41.29 1 0
github.com/truvami/decoder/pkg/decoder/helpers/helpers.go:42.23,43.30 1 1
github.com/truvami/decoder/pkg/decoder/helpers/helpers.go:44.22,45.24 1 0
github.com/truvami/decoder/pkg/decoder/helpers/helpers.go:46.20,47.31 1 1
github.com/truvami/decoder/pkg/decoder/helpers/helpers.go:48.10,49.62 1 0
github.com/truvami/decoder/pkg/decoder/helpers/helpers.go:53.104,54.18 1 1
github.com/truvami/decoder/pkg/decoder/helpers/helpers.go:54.18,55.33 1 0
github.com/truvami/decoder/pkg/decoder/helpers/helpers.go:55.33,57.4 1 0
github.com/truvami/decoder/pkg/decoder/helpers/helpers.go:59.3,59.37 1 0
github.com/truvami/decoder/pkg/decoder/helpers/helpers.go:60.8,60.45 1 1
github.com/truvami/decoder/pkg/decoder/helpers/helpers.go:60.45,61.15 1 0
github.com/truvami/decoder/pkg/decoder/helpers/helpers.go:61.15,63.4 1 0
github.com/truvami/decoder/pkg/decoder/helpers/helpers.go:64.3,64.48 1 0
github.com/truvami/decoder/pkg/decoder/helpers/helpers.go:68.2,69.17 2 1
github.com/truvami/decoder/pkg/decoder/helpers/helpers.go:69.17,71.3 1 1
github.com/truvami/decoder/pkg/decoder/helpers/helpers.go:71.8,71.24 1 1
github.com/truvami/decoder/pkg/decoder/helpers/helpers.go:71.24,73.3 1 1
github.com/truvami/decoder/pkg/decoder/helpers/helpers.go:73.8,73.24 1 1
github.com/truvami/decoder/pkg/decoder/helpers/helpers.go:73.24,75.3 1 1
github.com/truvami/decoder/pkg/decoder/helpers/helpers.go:75.8,78.3 1 0
github.com/truvami/decoder/pkg/decoder/helpers/helpers.go:80.2,80.19 1 1
github.com/truvami/decoder/pkg/decoder/helpers/helpers.go:84.82,87.16 2 1
github.com/truvami/decoder/pkg/decoder/helpers/helpers.go:87.16,89.3 1 0
github.com/truvami/decoder/pkg/decoder/helpers/helpers.go:92.2,95.38 2 1
github.com/truvami/decoder/pkg/decoder/helpers/helpers.go:95.38,102.17 5 1
github.com/truvami/decoder/pkg/decoder/helpers/helpers.go:102.17,104.4 1 0
github.com/truvami/decoder/pkg/decoder/helpers/helpers.go:107.3,108.50 2 1
github.com/truvami/decoder/pkg/decoder/helpers/helpers.go:108.50,109.32 1 1
github.com/truvami/decoder/pkg/decoder/helpers/helpers.go:109.32,110.13 1 0
github.com/truvami/decoder/pkg/decoder/helpers/helpers.go:112.4,113.46 2 1
github.com/truvami/decoder/pkg/decoder/helpers/helpers.go:117.3,117.29 1 1
github.com/truvami/decoder/pkg/decoder/helpers/helpers.go:117.29,120.4 2 1
github.com/truvami/decoder/pkg/decoder/helpers/helpers.go:123.2,123.37 1 1
github.com/truvami/decoder/pkg/decoder/tagsl/v1/payload.go:12.35,14.2 1 1
github.com/truvami/decoder/pkg/decoder/tagsl/v1/payload.go:16.71,17.14 1 1
github.com/truvami/decoder/pkg/decoder/tagsl/v1/payload.go:18.9,22.83 1 1
github.com/truvami/decoder/pkg/decoder/tagsl/v1/payload.go:22.83,24.6 1 1
github.com/truvami/decoder/pkg/decoder/tagsl/v1/payload.go:25.83,27.6 1 1
github.com/truvami/decoder/pkg/decoder/tagsl/v1/payload.go:38.9,58.9 1 1
github.com/truvami/decoder/pkg/decoder/tagsl/v1/payload.go:59.9,79.9 1 1
github.com/truvami/decoder/pkg/decoder/tagsl/v1/payload.go:82.2,82.37 1 0
github.com/truvami/decoder/pkg/decoder/tagsl/v1/payload.go:85.71,87.16 2 1
github.com/truvami/decoder/pkg/decoder/tagsl/v1/payload.go:87.16,89.3 1 0
github.com/truvami/decoder/pkg/decoder/tagsl/v1/payload.go:91.2,92.16 2 1
github.com/truvami/decoder/pkg/decoder/tagsl/v1/payload.go:92.16,94.3 1 0
github.com/truvami/decoder/pkg/decoder/tagsl/v1/payload.go:96.2,96.25 1 1
